[debug] [2022-05-10T21:07:56.144Z] ----------------------------------------------------------------------
[debug] [2022-05-10T21:07:56.148Z] Command:       C:\Program Files\nodejs\node.exe C:\Users\Sarfaraj Shaikat\AppData\Roaming\npm\node_modules\firebase-tools\lib\bin\firebase.js init
[debug] [2022-05-10T21:07:56.148Z] CLI Version:   10.8.0
[debug] [2022-05-10T21:07:56.148Z] Platform:      win32
[debug] [2022-05-10T21:07:56.149Z] Node Version:  v16.14.0
[debug] [2022-05-10T21:07:56.150Z] Time:          Wed May 11 2022 03:07:56 GMT+0600 (Bangladesh Standard Time)
[debug] [2022-05-10T21:07:56.150Z] ----------------------------------------------------------------------
[debug] 
[debug] [2022-05-10T21:07:56.242Z] > command requires scopes: ["email","openid","https://www.googleapis.com/auth/cloudplatformprojects.readonly","https://www.googleapis.com/auth/firebase","https://www.googleapis.com/auth/cloud-platform"]
[debug] [2022-05-10T21:07:56.243Z] > authorizing via signed-in user (sarfarajshaikat@gmail.com)
[info] 
     ######## #### ########  ######## ########     ###     ######  ########
     ##        ##  ##     ## ##       ##     ##  ##   ##  ##       ##
     ######    ##  ########  ######   ########  #########  ######  ######
     ##        ##  ##    ##  ##       ##     ## ##     ##       ## ##
     ##       #### ##     ## ######## ########  ##     ##  ######  ########

You're about to initialize a Firebase project in this directory:

  C:\Projects\warhouse-manage-assignment11

Before we get started, keep in mind:

  * You are currently outside your home directory
  * You are initializing within an existing Firebase project directory

[info] 
=== Project Setup
[info] 
[info] First, let's associate this project directory with a Firebase project.
[info] You can create multiple project aliases by running firebase use --add, 
[info] but for now we'll just set up a default project.
[info] 
[debug] [2022-05-10T21:08:55.286Z] Using project from CLI flag: firebase-manage-assignment
[debug] [2022-05-10T21:08:55.289Z] >>> [apiv2][query] GET https://firebase.googleapis.com/v1beta1/projects/firebase-manage-assignment [none]
[debug] [2022-05-10T21:08:56.358Z] <<< [apiv2][status] GET https://firebase.googleapis.com/v1beta1/projects/firebase-manage-assignment 403
[debug] [2022-05-10T21:08:56.358Z] <<< [apiv2][body] GET https://firebase.googleapis.com/v1beta1/projects/firebase-manage-assignment {"error":{"code":403,"message":"The caller does not have permission","status":"PERMISSION_DENIED"}}
[debug] [2022-05-10T21:08:56.359Z] HTTP Error: 403, The caller does not have permission
[debug] [2022-05-10T21:08:56.649Z] FirebaseError: HTTP Error: 403, The caller does not have permission
    at module.exports (C:\Users\Sarfaraj Shaikat\AppData\Roaming\npm\node_modules\firebase-tools\lib\responseToError.js:47:12)
    at RetryOperation._fn (C:\Users\Sarfaraj Shaikat\AppData\Roaming\npm\node_modules\firebase-tools\lib\apiv2.js:286:39)
    at processTicksAndRejections (node:internal/process/task_queues:96:5)
[error] 
[error] Error: Failed to get Firebase project firebase-manage-assignment. Please make sure the project exists and your account has permission to access it.
[debug] [2022-05-10T21:09:54.348Z] ----------------------------------------------------------------------
[debug] [2022-05-10T21:09:54.351Z] Command:       C:\Program Files\nodejs\node.exe C:\Users\Sarfaraj Shaikat\AppData\Roaming\npm\node_modules\firebase-tools\lib\bin\firebase.js deploy
[debug] [2022-05-10T21:09:54.352Z] CLI Version:   10.8.0
[debug] [2022-05-10T21:09:54.352Z] Platform:      win32
[debug] [2022-05-10T21:09:54.352Z] Node Version:  v16.14.0
[debug] [2022-05-10T21:09:54.353Z] Time:          Wed May 11 2022 03:09:54 GMT+0600 (Bangladesh Standard Time)
[debug] [2022-05-10T21:09:54.353Z] ----------------------------------------------------------------------
[debug] 
[debug] [2022-05-10T21:09:54.447Z] > command requires scopes: ["email","openid","https://www.googleapis.com/auth/cloudplatformprojects.readonly","https://www.googleapis.com/auth/firebase","https://www.googleapis.com/auth/cloud-platform"]
[debug] [2022-05-10T21:09:54.447Z] > authorizing via signed-in user (sarfarajshaikat@gmail.com)
[debug] [2022-05-10T21:09:54.447Z] [iam] checking project firebase-manage-assignment for permissions ["firebase.projects.get","firebasehosting.sites.update"]
[debug] [2022-05-10T21:09:54.450Z] >>> [apiv2][query] POST https://cloudresourcemanager.googleapis.com/v1/projects/firebase-manage-assignment:testIamPermissions [none]
[debug] [2022-05-10T21:09:54.451Z] >>> [apiv2][body] POST https://cloudresourcemanager.googleapis.com/v1/projects/firebase-manage-assignment:testIamPermissions {"permissions":["firebase.projects.get","firebasehosting.sites.update"]}
[debug] [2022-05-10T21:09:56.130Z] <<< [apiv2][status] POST https://cloudresourcemanager.googleapis.com/v1/projects/firebase-manage-assignment:testIamPermissions 200
[debug] [2022-05-10T21:09:56.130Z] <<< [apiv2][body] POST https://cloudresourcemanager.googleapis.com/v1/projects/firebase-manage-assignment:testIamPermissions {}
[debug] [2022-05-10T21:09:56.132Z] [iam] error while checking permissions, command may fail: FirebaseError: Authorization failed. This account is missing the following required permissions on project firebase-manage-assignment:

  firebase.projects.get
  firebasehosting.sites.update
[debug] [2022-05-10T21:09:56.134Z] >>> [apiv2][query] GET https://firebase.googleapis.com/v1beta1/projects/firebase-manage-assignment [none]
[debug] [2022-05-10T21:09:56.964Z] <<< [apiv2][status] GET https://firebase.googleapis.com/v1beta1/projects/firebase-manage-assignment 403
[debug] [2022-05-10T21:09:56.964Z] <<< [apiv2][body] GET https://firebase.googleapis.com/v1beta1/projects/firebase-manage-assignment {"error":{"code":403,"message":"The caller does not have permission","status":"PERMISSION_DENIED"}}
[debug] [2022-05-10T21:09:56.965Z] HTTP Error: 403, The caller does not have permission
[debug] [2022-05-10T21:09:57.185Z] FirebaseError: HTTP Error: 403, The caller does not have permission
    at module.exports (C:\Users\Sarfaraj Shaikat\AppData\Roaming\npm\node_modules\firebase-tools\lib\responseToError.js:47:12)
    at RetryOperation._fn (C:\Users\Sarfaraj Shaikat\AppData\Roaming\npm\node_modules\firebase-tools\lib\apiv2.js:286:39)
    at processTicksAndRejections (node:internal/process/task_queues:96:5)
[error] 
[error] Error: Failed to get Firebase project firebase-manage-assignment. Please make sure the project exists and your account has permission to access it.
[debug] [2022-05-10T21:21:47.049Z] ----------------------------------------------------------------------
[debug] [2022-05-10T21:21:47.051Z] Command:       C:\Program Files\nodejs\node.exe C:\Users\Sarfaraj Shaikat\AppData\Roaming\npm\node_modules\firebase-tools\lib\bin\firebase.js deploy
[debug] [2022-05-10T21:21:47.052Z] CLI Version:   10.8.0
[debug] [2022-05-10T21:21:47.052Z] Platform:      win32
[debug] [2022-05-10T21:21:47.052Z] Node Version:  v16.14.0
[debug] [2022-05-10T21:21:47.053Z] Time:          Wed May 11 2022 03:21:47 GMT+0600 (Bangladesh Standard Time)
[debug] [2022-05-10T21:21:47.053Z] ----------------------------------------------------------------------
[debug] 
[debug] [2022-05-10T21:21:47.146Z] > command requires scopes: ["email","openid","https://www.googleapis.com/auth/cloudplatformprojects.readonly","https://www.googleapis.com/auth/firebase","https://www.googleapis.com/auth/cloud-platform"]
[debug] [2022-05-10T21:21:47.147Z] > authorizing via signed-in user (sarfarajshaikat@gmail.com)
[debug] [2022-05-10T21:21:47.147Z] [iam] checking project warhouse-manage-assignment for permissions ["firebase.projects.get","firebasehosting.sites.update"]
[debug] [2022-05-10T21:21:47.149Z] >>> [apiv2][query] POST https://cloudresourcemanager.googleapis.com/v1/projects/warhouse-manage-assignment:testIamPermissions [none]
[debug] [2022-05-10T21:21:47.150Z] >>> [apiv2][body] POST https://cloudresourcemanager.googleapis.com/v1/projects/warhouse-manage-assignment:testIamPermissions {"permissions":["firebase.projects.get","firebasehosting.sites.update"]}
[debug] [2022-05-10T21:21:48.817Z] <<< [apiv2][status] POST https://cloudresourcemanager.googleapis.com/v1/projects/warhouse-manage-assignment:testIamPermissions 200
[debug] [2022-05-10T21:21:48.817Z] <<< [apiv2][body] POST https://cloudresourcemanager.googleapis.com/v1/projects/warhouse-manage-assignment:testIamPermissions {}
[debug] [2022-05-10T21:21:48.818Z] [iam] error while checking permissions, command may fail: FirebaseError: Authorization failed. This account is missing the following required permissions on project warhouse-manage-assignment:

  firebase.projects.get
  firebasehosting.sites.update
[debug] [2022-05-10T21:21:48.821Z] >>> [apiv2][query] GET https://firebase.googleapis.com/v1beta1/projects/warhouse-manage-assignment [none]
[debug] [2022-05-10T21:21:49.559Z] <<< [apiv2][status] GET https://firebase.googleapis.com/v1beta1/projects/warhouse-manage-assignment 403
[debug] [2022-05-10T21:21:49.559Z] <<< [apiv2][body] GET https://firebase.googleapis.com/v1beta1/projects/warhouse-manage-assignment {"error":{"code":403,"message":"The caller does not have permission","status":"PERMISSION_DENIED"}}
[debug] [2022-05-10T21:21:49.560Z] HTTP Error: 403, The caller does not have permission
[debug] [2022-05-10T21:21:49.825Z] FirebaseError: HTTP Error: 403, The caller does not have permission
    at module.exports (C:\Users\Sarfaraj Shaikat\AppData\Roaming\npm\node_modules\firebase-tools\lib\responseToError.js:47:12)
    at RetryOperation._fn (C:\Users\Sarfaraj Shaikat\AppData\Roaming\npm\node_modules\firebase-tools\lib\apiv2.js:286:39)
    at processTicksAndRejections (node:internal/process/task_queues:96:5)
[error] 
[error] Error: Failed to get Firebase project warhouse-manage-assignment. Please make sure the project exists and your account has permission to access it.
[debug] [2022-05-10T21:34:02.016Z] ----------------------------------------------------------------------
[debug] [2022-05-10T21:34:02.019Z] Command:       C:\Program Files\nodejs\node.exe C:\Users\Sarfaraj Shaikat\AppData\Roaming\npm\node_modules\firebase-tools\lib\bin\firebase.js deploy
[debug] [2022-05-10T21:34:02.020Z] CLI Version:   10.8.0
[debug] [2022-05-10T21:34:02.020Z] Platform:      win32
[debug] [2022-05-10T21:34:02.020Z] Node Version:  v16.14.0
[debug] [2022-05-10T21:34:02.021Z] Time:          Wed May 11 2022 03:34:02 GMT+0600 (Bangladesh Standard Time)
[debug] [2022-05-10T21:34:02.021Z] ----------------------------------------------------------------------
[debug] 
[debug] [2022-05-10T21:34:02.108Z] > command requires scopes: ["email","openid","https://www.googleapis.com/auth/cloudplatformprojects.readonly","https://www.googleapis.com/auth/firebase","https://www.googleapis.com/auth/cloud-platform"]
[debug] [2022-05-10T21:34:02.108Z] > authorizing via signed-in user (sarfarajshaikat@gmail.com)
[debug] [2022-05-10T21:34:02.108Z] [iam] checking project warhouse-manage-assignment for permissions ["firebase.projects.get","firebasehosting.sites.update"]
[debug] [2022-05-10T21:34:02.112Z] >>> [apiv2][query] POST https://cloudresourcemanager.googleapis.com/v1/projects/warhouse-manage-assignment:testIamPermissions [none]
[debug] [2022-05-10T21:34:02.112Z] >>> [apiv2][body] POST https://cloudresourcemanager.googleapis.com/v1/projects/warhouse-manage-assignment:testIamPermissions {"permissions":["firebase.projects.get","firebasehosting.sites.update"]}
[debug] [2022-05-10T21:34:03.771Z] <<< [apiv2][status] POST https://cloudresourcemanager.googleapis.com/v1/projects/warhouse-manage-assignment:testIamPermissions 200
[debug] [2022-05-10T21:34:03.772Z] <<< [apiv2][body] POST https://cloudresourcemanager.googleapis.com/v1/projects/warhouse-manage-assignment:testIamPermissions {}
[debug] [2022-05-10T21:34:03.773Z] [iam] error while checking permissions, command may fail: FirebaseError: Authorization failed. This account is missing the following required permissions on project warhouse-manage-assignment:

  firebase.projects.get
  firebasehosting.sites.update
[debug] [2022-05-10T21:34:03.776Z] >>> [apiv2][query] GET https://firebase.googleapis.com/v1beta1/projects/warhouse-manage-assignment [none]
[debug] [2022-05-10T21:34:04.849Z] <<< [apiv2][status] GET https://firebase.googleapis.com/v1beta1/projects/warhouse-manage-assignment 403
[debug] [2022-05-10T21:34:04.850Z] <<< [apiv2][body] GET https://firebase.googleapis.com/v1beta1/projects/warhouse-manage-assignment {"error":{"code":403,"message":"The caller does not have permission","status":"PERMISSION_DENIED"}}
[debug] [2022-05-10T21:34:04.853Z] HTTP Error: 403, The caller does not have permission
[debug] [2022-05-10T21:34:05.155Z] FirebaseError: HTTP Error: 403, The caller does not have permission
    at module.exports (C:\Users\Sarfaraj Shaikat\AppData\Roaming\npm\node_modules\firebase-tools\lib\responseToError.js:47:12)
    at RetryOperation._fn (C:\Users\Sarfaraj Shaikat\AppData\Roaming\npm\node_modules\firebase-tools\lib\apiv2.js:286:39)
    at processTicksAndRejections (node:internal/process/task_queues:96:5)
[error] 
[error] Error: Failed to get Firebase project warhouse-manage-assignment. Please make sure the project exists and your account has permission to access it.
[debug] [2022-05-10T21:39:42.716Z] ----------------------------------------------------------------------
[debug] [2022-05-10T21:39:42.718Z] Command:       C:\Program Files\nodejs\node.exe C:\Users\Sarfaraj Shaikat\AppData\Roaming\npm\node_modules\firebase-tools\lib\bin\firebase.js deploy
[debug] [2022-05-10T21:39:42.719Z] CLI Version:   10.8.0
[debug] [2022-05-10T21:39:42.719Z] Platform:      win32
[debug] [2022-05-10T21:39:42.719Z] Node Version:  v16.14.0
[debug] [2022-05-10T21:39:42.720Z] Time:          Wed May 11 2022 03:39:42 GMT+0600 (Bangladesh Standard Time)
[debug] [2022-05-10T21:39:42.721Z] ----------------------------------------------------------------------
[debug] 
[debug] [2022-05-10T21:39:42.809Z] > command requires scopes: ["email","openid","https://www.googleapis.com/auth/cloudplatformprojects.readonly","https://www.googleapis.com/auth/firebase","https://www.googleapis.com/auth/cloud-platform"]
[debug] [2022-05-10T21:39:42.809Z] > authorizing via signed-in user (sarfarajshaikat@gmail.com)
[debug] [2022-05-10T21:39:42.809Z] [iam] checking project warhouse-manage-assignment for permissions ["firebase.projects.get","firebasehosting.sites.update"]
[debug] [2022-05-10T21:39:42.813Z] >>> [apiv2][query] POST https://cloudresourcemanager.googleapis.com/v1/projects/warhouse-manage-assignment:testIamPermissions [none]
[debug] [2022-05-10T21:39:42.814Z] >>> [apiv2][body] POST https://cloudresourcemanager.googleapis.com/v1/projects/warhouse-manage-assignment:testIamPermissions {"permissions":["firebase.projects.get","firebasehosting.sites.update"]}
[debug] [2022-05-10T21:39:44.564Z] <<< [apiv2][status] POST https://cloudresourcemanager.googleapis.com/v1/projects/warhouse-manage-assignment:testIamPermissions 200
[debug] [2022-05-10T21:39:44.565Z] <<< [apiv2][body] POST https://cloudresourcemanager.googleapis.com/v1/projects/warhouse-manage-assignment:testIamPermissions {}
[debug] [2022-05-10T21:39:44.567Z] [iam] error while checking permissions, command may fail: FirebaseError: Authorization failed. This account is missing the following required permissions on project warhouse-manage-assignment:

  firebase.projects.get
  firebasehosting.sites.update
[debug] [2022-05-10T21:39:44.573Z] >>> [apiv2][query] GET https://firebase.googleapis.com/v1beta1/projects/warhouse-manage-assignment [none]
[debug] [2022-05-10T21:39:45.583Z] <<< [apiv2][status] GET https://firebase.googleapis.com/v1beta1/projects/warhouse-manage-assignment 403
[debug] [2022-05-10T21:39:45.584Z] <<< [apiv2][body] GET https://firebase.googleapis.com/v1beta1/projects/warhouse-manage-assignment {"error":{"code":403,"message":"The caller does not have permission","status":"PERMISSION_DENIED"}}
[debug] [2022-05-10T21:39:45.588Z] HTTP Error: 403, The caller does not have permission
[debug] [2022-05-10T21:39:45.907Z] FirebaseError: HTTP Error: 403, The caller does not have permission
    at module.exports (C:\Users\Sarfaraj Shaikat\AppData\Roaming\npm\node_modules\firebase-tools\lib\responseToError.js:47:12)
    at RetryOperation._fn (C:\Users\Sarfaraj Shaikat\AppData\Roaming\npm\node_modules\firebase-tools\lib\apiv2.js:286:39)
    at processTicksAndRejections (node:internal/process/task_queues:96:5)
[error] 
[error] Error: Failed to get Firebase project warhouse-manage-assignment. Please make sure the project exists and your account has permission to access it.
